<?xml version="1.0" encoding="UTF-8"?>
<!-- Generated by org.testng.reporters.JUnitReportReporter -->
<testsuite hostname="maverick-PC" name="firstjenkins.HandelAthendication" tests="1" failures="0" timestamp="15 Jun 2018 06:52:13 GMT" time="60.291" errors="0">
  <testcase name="handel" time="60.291" classname="firstjenkins.HandelAthendication"/>
</testsuite> <!-- firstjenkins.HandelAthendication -->
