<?xml version="1.0" encoding="UTF-8"?>
<!-- Generated by org.testng.reporters.JUnitReportReporter -->
<testsuite hostname="maverick-PC" name="testng.GroupTest" tests="2" failures="0" timestamp="1 Aug 2018 05:13:19 GMT" time="0.014" errors="0">
  <testcase name="group3" time="0.002" classname="testng.GroupTest"/>
  <testcase name="group1" time="0.012" classname="testng.GroupTest"/>
</testsuite> <!-- testng.GroupTest -->
