<?xml version="1.0" encoding="UTF-8"?>
<!-- Generated by org.testng.reporters.JUnitReportReporter -->
<testsuite hostname="maverick-PC" name="firstjenkins.JenkinsProject" tests="1" failures="0" timestamp="7 Jun 2018 18:39:42 GMT" time="87.689" errors="0">
  <testcase name="facebook" time="87.689" classname="firstjenkins.JenkinsProject"/>
</testsuite> <!-- firstjenkins.JenkinsProject -->
