<?xml version="1.0" encoding="UTF-8"?>
<!-- Generated by org.testng.reporters.JUnitReportReporter -->
<testsuite hostname="maverick-PC" name="project1.TestNg" tests="1" failures="0" timestamp="30 Aug 2018 14:45:40 GMT" time="28.854" errors="0">
  <testcase name="links" time="28.854" classname="project1.TestNg"/>
</testsuite> <!-- project1.TestNg -->
