<?xml version="1.0" encoding="UTF-8"?>
<!-- Generated by org.testng.reporters.JUnitReportReporter -->
<testsuite hostname="maverick-PC" name="firstjenkins.HandelMultipleCheckBox" tests="1" failures="0" timestamp="24 Jun 2018 16:25:12 GMT" time="13.557" errors="0">
  <testcase name="checkBox" time="13.557" classname="firstjenkins.HandelMultipleCheckBox"/>
</testsuite> <!-- firstjenkins.HandelMultipleCheckBox -->
