<?xml version="1.0" encoding="UTF-8"?>
<!-- Generated by org.testng.reporters.JUnitReportReporter -->
<testsuite hostname="maverick-PC" name="firstjenkins.SingleWindow" tests="1" failures="0" timestamp="11 Jun 2018 05:42:53 GMT" time="35.126" errors="0">
  <testcase name="window" time="35.126" classname="firstjenkins.SingleWindow"/>
</testsuite> <!-- firstjenkins.SingleWindow -->
