<?xml version="1.0" encoding="UTF-8"?>
<!-- Generated by org.testng.reporters.JUnitReportReporter -->
<testsuite hostname="maverick-PC" name="testng.Sequencing" tests="2" failures="0" timestamp="1 Aug 2018 07:03:49 GMT" time="0.009" errors="0">
  <testcase name="testCase1" time="0.005" classname="testng.Sequencing"/>
  <testcase name="testCase2" time="0.004" classname="testng.Sequencing"/>
</testsuite> <!-- testng.Sequencing -->
