<?xml version="1.0" encoding="UTF-8"?>
<!-- Generated by org.testng.reporters.JUnitReportReporter -->
<testsuite hostname="maverick-PC" name="testng.CrossBroswerTesting" tests="2" failures="0" timestamp="16 Jul 2018 05:18:48 GMT" time="25.867" errors="0">
  <testcase name="verifyTitle" time="15.491" classname="testng.CrossBroswerTesting"/>
  <testcase name="verifyTitle" time="10.376" classname="testng.CrossBroswerTesting"/>
</testsuite> <!-- testng.CrossBroswerTesting -->
