<?xml version="1.0" encoding="UTF-8"?>
<!-- Generated by org.testng.reporters.JUnitReportReporter -->
<testsuite hostname="maverick-PC" name="testng.GroupTest" tests="2" failures="0" timestamp="19 Oct 2018 11:42:46 GMT" time="0.008" errors="0">
  <testcase name="group1" time="0.008" classname="testng.GroupTest"/>
  <testcase name="group3" time="0.000" classname="testng.GroupTest"/>
</testsuite> <!-- testng.GroupTest -->
