<?xml version="1.0" encoding="UTF-8"?>
<!-- Generated by org.testng.reporters.JUnitReportReporter -->
<testsuite hostname="maverick-PC" name="testng.TestNgReport" tests="1" failures="0" timestamp="24 Sep 2018 05:14:51 GMT" time="34.185" errors="0">
  <testcase name="verifyTitel" time="34.185" classname="testng.TestNgReport"/>
</testsuite> <!-- testng.TestNgReport -->
