<?xml version="1.0" encoding="UTF-8"?>
<!-- Generated by org.testng.reporters.JUnitReportReporter -->
<testsuite hostname="maverick-PC" name="actionsclass.ActionsClass" tests="1" failures="0" timestamp="18 Sep 2018 16:15:00 GMT" time="24.587" errors="0">
  <testcase name="actionClass" time="24.587" classname="actionsclass.ActionsClass"/>
</testsuite> <!-- actionsclass.ActionsClass -->
