<?xml version="1.0" encoding="UTF-8"?>
<!-- Generated by org.testng.reporters.JUnitReportReporter -->
<testsuite hostname="maverick-PC" name="TestNgProgram.SkippTestCaseByTestNg" tests="2" failures="0" timestamp="23 Sep 2018 08:30:13 GMT" time="0.015" errors="0">
  <testcase name="testCase1" time="0.015" classname="TestNgProgram.SkippTestCaseByTestNg"/>
  <testcase name="testCase3" time="0.000" classname="TestNgProgram.SkippTestCaseByTestNg"/>
</testsuite> <!-- TestNgProgram.SkippTestCaseByTestNg -->
